Flow report for X-flash_Lite
Sat Nov 11 19:31:42 2017
Quartus II Version 11.0 Build 157 04/27/2011 SJ Full Version


---------------------
; Table of Contents ;
---------------------
  1. Legal Notice
  2. Flow Summary
  3. Flow Settings
  4. Flow Non-Default Global Settings
  5. Flow Elapsed Time
  6. Flow OS Summary
  7. Flow Log



----------------
; Legal Notice ;
----------------
Copyright (C) 1991-2011 Altera Corporation
Your use of Altera Corporation's design tools, logic functions 
and other software and tools, and its AMPP partner logic 
functions, and any output files from any of the foregoing 
(including device programming or simulation files), and any 
associated documentation or information are expressly subject 
to the terms and conditions of the Altera Program License 
Subscription Agreement, Altera MegaCore Function License 
Agreement, or other applicable license agreement, including, 
without limitation, that your use is for the sole purpose of 
programming logic devices manufactured by Altera and sold by 
Altera or its authorized distributors.  Please refer to the 
applicable agreement for further details.



+-------------------------------------------------------------------+
; Flow Summary                                                      ;
+-----------------------+-------------------------------------------+
; Flow Status           ; Successful - Sat Nov 11 19:31:41 2017     ;
; Quartus II Version    ; 11.0 Build 157 04/27/2011 SJ Full Version ;
; Revision Name         ; X-flash_Lite                              ;
; Top-level Entity Name ; Xflash_Lite                               ;
; Family                ; MAX3000A                                  ;
; Device                ; EPM3128ATC144-10                          ;
; Timing Models         ; Final                                     ;
; Total macrocells      ; 63 / 128 ( 49 % )                         ;
; Total pins            ; 94 / 96 ( 98 % )                          ;
+-----------------------+-------------------------------------------+


+-----------------------------------------+
; Flow Settings                           ;
+-------------------+---------------------+
; Option            ; Setting             ;
+-------------------+---------------------+
; Start date & time ; 11/11/2017 19:31:38 ;
; Main task         ; Compilation         ;
; Revision Name     ; X-flash_Lite        ;
+-------------------+---------------------+


+------------------------------------------------------------------------------------------------------------------------------------------+
; Flow Non-Default Global Settings                                                                                                         ;
+-----------------------+-----------------------------------------------------------------------+---------------+-------------+------------+
; Assignment Name       ; Value                                                                 ; Default Value ; Entity Name ; Section Id ;
+-----------------------+-----------------------------------------------------------------------+---------------+-------------+------------+
; COMPILER_SIGNATURE_ID ; 44974335691.151042509806344                                           ; --            ; --          ; --         ;
; FITTER_EFFORT         ; Standard Fit                                                          ; Auto Fit      ; --          ; --         ;
; MISC_FILE             ; C:/Users/I3-2100/Documents/CPLD/EPM3128/X-flash_Lite/X-flash_Lite.dpf ; --            ; --          ; --         ;
; OPTIMIZE_HOLD_TIMING  ; Off                                                                   ; --            ; --          ; --         ;
; TOP_LEVEL_ENTITY      ; Xflash_Lite                                                           ; X-flash_Lite  ; --          ; --         ;
+-----------------------+-----------------------------------------------------------------------+---------------+-------------+------------+


+-------------------------------------------------------------------------------------------------------------------------------+
; Flow Elapsed Time                                                                                                             ;
+---------------------------+--------------+-------------------------+---------------------+------------------------------------+
; Module Name               ; Elapsed Time ; Average Processors Used ; Peak Virtual Memory ; Total CPU Time (on all processors) ;
+---------------------------+--------------+-------------------------+---------------------+------------------------------------+
; Analysis & Synthesis      ; 00:00:01     ; 1.0                     ; 305 MB              ; 00:00:01                           ;
; Fitter                    ; 00:00:00     ; 1.0                     ; 264 MB              ; 00:00:00                           ;
; Assembler                 ; 00:00:00     ; 1.0                     ; 264 MB              ; 00:00:00                           ;
; TimeQuest Timing Analyzer ; 00:00:01     ; 1.0                     ; 268 MB              ; 00:00:01                           ;
; Total                     ; 00:00:02     ; --                      ; --                  ; 00:00:02                           ;
+---------------------------+--------------+-------------------------+---------------------+------------------------------------+


+-----------------------------------------------------------------------------------------+
; Flow OS Summary                                                                         ;
+---------------------------+------------------+------------+------------+----------------+
; Module Name               ; Machine Hostname ; OS Name    ; OS Version ; Processor type ;
+---------------------------+------------------+------------+------------+----------------+
; Analysis & Synthesis      ; I3-2100-PC       ; Windows XP ; 5.1        ; x86_64         ;
; Fitter                    ; I3-2100-PC       ; Windows XP ; 5.1        ; x86_64         ;
; Assembler                 ; I3-2100-PC       ; Windows XP ; 5.1        ; x86_64         ;
; TimeQuest Timing Analyzer ; I3-2100-PC       ; Windows XP ; 5.1        ; x86_64         ;
+---------------------------+------------------+------------+------------+----------------+


------------
; Flow Log ;
------------
quartus_map --read_settings_files=on --write_settings_files=off X-flash_Lite -c X-flash_Lite
quartus_fit --read_settings_files=off --write_settings_files=off X-flash_Lite -c X-flash_Lite
quartus_asm --read_settings_files=off --write_settings_files=off X-flash_Lite -c X-flash_Lite
quartus_sta X-flash_Lite -c X-flash_Lite



